<?xml version="1.0" encoding="UTF-8"?>
<!-- Generated by org.testng.reporters.JUnitXMLReporter -->
<testsuite ignored="0" hostname="ATUL" failures="0" tests="12" name="Test" time="159.85" errors="0" timestamp="2023-08-03T21:12:32 IST">
  <testcase classname="com.gb.TestCases.NewCustomerPageTest" name="NewCustomerpageTitleTest" time="0.96"/>
  <testcase classname="com.gb.TestCases.NewCustomerPageTest" name="Validatecreatenewcustomer" time="1.716"/>
  <testcase classname="com.gb.TestCases.NewCustomerPageTest" name="Validatecreatenewcustomer" time="1.67"/>
  <testcase classname="com.gb.TestCases.NewCustomerPageTest" name="Validatecreatenewcustomer" time="2.133"/>
  <testcase classname="com.gb.TestCases.NewCustomerPageTest" name="Validatecreatenewcustomer" time="2.093"/>
  <testcase classname="com.gb.TestCases.NewCustomerPageTest" name="Validatecreatenewcustomer" time="2.084"/>
  <testcase classname="com.gb.TestCases.HomePageTest" name="verifyManagerHomePageTitleTest" time="0.008"/>
  <testcase classname="com.gb.TestCases.HomePageTest" name="verifyManagerHomepageHeadingTest" time="0.118"/>
  <testcase classname="com.gb.TestCases.HomePageTest" name="verifyManagerIdTest" time="0.047"/>
  <testcase classname="com.gb.TestCases.LoginPageTest" name="loginTest" time="1.926"/>
  <testcase classname="com.gb.TestCases.LoginPageTest" name="loginPageTitleTest" time="6.018"/>
  <testcase classname="com.gb.TestCases.LoginPageTest" name="GuruLoginPageHeaderTest" time="0.029"/>
</testsuite> <!-- Test -->
